g:\programming\entityx-demo\debug\vc140.pdb
g:\programming\entityx-demo\debug\vc140.idb
g:\programming\entityx-demo\debug\motion.obj
g:\programming\entityx-demo\debug\parent.obj
g:\programming\entityx-demo\debug\playercontrol.obj
g:\programming\entityx-demo\debug\position.obj
g:\programming\entityx-demo\debug\tank.obj
g:\programming\entityx-demo\debug\turret.obj
g:\programming\entityx-demo\debug\volume.obj
g:\programming\entityx-demo\debug\keyhandler.obj
g:\programming\entityx-demo\debug\resourcepath.obj
g:\programming\entityx-demo\debug\screensize.obj
g:\programming\entityx-demo\debug\movementsystem.obj
g:\programming\entityx-demo\debug\playercontrolsystem.obj
g:\programming\entityx-demo\debug\rendersystem.obj
g:\programming\entityx-demo\debug\collisionbox.obj
g:\programming\entityx-demo\debug\levelloader.obj
g:\programming\entityx-demo\debug\background.obj
g:\programming\entityx-demo\debug\display.obj
g:\programming\entityx-demo\debug\entitycreator.obj
g:\programming\entityx-demo\debug\gamemanager.obj
g:\programming\entityx-demo\debug\main.obj
g:\programming\entityx-demo\debug\levelsystem.obj
g:\programming\entityx-demo\debug\ecs_example.tlog\cl.command.1.tlog
g:\programming\entityx-demo\debug\ecs_example.tlog\cl.read.1.tlog
g:\programming\entityx-demo\debug\ecs_example.tlog\cl.write.1.tlog
